APPLICATION	Car_Generic <insert.your.version.no> #22 (linux64-9.0)
COMPILED	felix@hil-003 2020-10-06 13:53:26
 
FIRST_INIT	(internal default used)	2020-10-06 13:54:37
TIME	0.000
SIM_END			0s	0m
IDLE	13:54:38
SIM_START	BackAndForth	2020-10-06 13:54:39
TIME	0.000
SIMULATE	BackAndForth

TIME	7.752
SIM_END		BackAndForth	7.749s	247.127m
SIM_START	BackAndForth	2020-10-06 13:54:49
TIME	0.000
SIMULATE	BackAndForth

TIME	12.061
SIM_END		BackAndForth	12.058s	339.002m
SIM_START	BackAndForth	2020-10-06 13:55:08
TIME	0.000
SIMULATE	BackAndForth

TIME	7.834
SIM_END		BackAndForth	7.831s	248.75m
SIM_START	BackAndForth	2020-10-06 13:55:25
TIME	0.000
SIMULATE	BackAndForth

TIME	4.440
SIM_END		BackAndForth	4.437s	175.058m
SIM_START	BackAndForth	2020-10-06 13:55:40
TIME	0.000
SIMULATE	BackAndForth

TIME	6.790
SIM_END		BackAndForth	6.787s	244.366m
