APPLICATION	Car_Generic <insert.your.version.no> #25 (linux64-9.0)
COMPILED	felix@hil-003 2020-10-06 14:04:23
 
FIRST_INIT	(internal default used)	2020-10-07 09:10:42
TIME	0.000
SIM_END			0s	0m
IDLE	09:10:42
SIM_START	Cruising_3lanes	2020-10-07 09:10:44
TIME	0.000
SIMULATE	Cruising_3lanes

TIME	3.664
SIM_END		Cruising_3lanes	3.661s	1.15167e-05m
SIM_START	Cruising_3lanes	2020-10-07 09:11:01
TIME	0.000
SIMULATE	Cruising_3lanes

TIME	31.909
SIM_END		Cruising_3lanes	31.906s	76.654m
SIM_START	Cruising_3lanes	2020-10-07 09:11:36
TIME	0.000
SIMULATE	Cruising_3lanes

TIME	19.969
SIM_END		Cruising_3lanes	19.966s	495.762m
TIME	22.117
SIM_START	Cruising_3lanes	2020-10-07 09:12:19
TIME	0.000
SIMULATE	Cruising_3lanes

TIME	19.969
SIM_END		Cruising_3lanes	19.966s	495.762m
SIM_START	Cruising_3lanes	2020-10-07 09:12:45
TIME	0.000
SIMULATE	Cruising_3lanes

TIME	15.083
SIM_END		Cruising_3lanes	15.08s	381.989m
