APPLICATION	Car_Generic <insert.your.version.no> #21 (linux64-9.0)
COMPILED	felix@hil-003 2020-10-06 13:27:32
 
FIRST_INIT	(internal default used)	2020-10-06 13:28:10
TIME	0.000
SIM_END			0s	0m
IDLE	13:28:11
SIM_START	BackAndForth	2020-10-06 13:28:12
TIME	0.000
SIMULATE	BackAndForth

TIME	60.939
SIM_END		BackAndForth	60.936s	474.822m
TIME	74.139
SIM_START	BackAndForth	2020-10-06 13:31:27
TIME	0.000
SIMULATE	BackAndForth

TIME	60.939
SIM_END		BackAndForth	60.936s	474.822m
TIME	98.747
SIM_START	BackAndForth	2020-10-06 13:38:48
TIME	0.000
SIMULATE	BackAndForth

TIME	9.314
SIM_END		BackAndForth	9.311s	103.409m
TIME	14.690
SIM_START	BackAndForth	2020-10-06 13:39:53
TIME	0.000
SIMULATE	BackAndForth

TIME	5.611
SIM_END		BackAndForth	5.608s	55.7953m
SIM_START	BackAndForth	2020-10-06 13:40:07
TIME	0.000
SIMULATE	BackAndForth

TIME	9.612
SIM_END		BackAndForth	9.609s	211.727m
SIM_START	BackAndForth	2020-10-06 13:40:19
TIME	0.000
SIMULATE	BackAndForth

TIME	6.716
SIM_END		BackAndForth	6.713s	158.042m
SIM_START	BackAndForth	2020-10-06 13:40:44
TIME	0.000
SIMULATE	BackAndForth

TIME	5.337
SIM_END		BackAndForth	5.334s	165.214m
TIME	8.075
SIM_START	BackAndForth	2020-10-06 13:41:18
TIME	0.000
SIMULATE	BackAndForth

TIME	6.672
SIM_END		BackAndForth	6.669s	225.151m
TIME	19.240
SIM_START	BackAndForth	2020-10-06 13:43:32
TIME	0.000
SIMULATE	BackAndForth

TIME	14.344
SIM_END		BackAndForth	14.34s	395.786m
